[error] Failed to fetch Firebase Project from Studio Workspace because WORKSPACE_SLUG environment variable is empty
[error] Failed to fetch Firebase Project from Studio Workspace because WORKSPACE_SLUG environment variable is empty
[error] Failed to fetch Firebase Project from Studio Workspace because WORKSPACE_SLUG environment variable is empty
[error] Failed to fetch Firebase Project from Studio Workspace because WORKSPACE_SLUG environment variable is empty
[debug] [2025-11-14T08:29:31.638Z] > command requires scopes: ["email","openid","https://www.googleapis.com/auth/cloudplatformprojects.readonly","https://www.googleapis.com/auth/firebase","https://www.googleapis.com/auth/cloud-platform","https://www.googleapis.com/auth/userinfo.email"]
[debug] [2025-11-14T08:29:31.654Z] > command requires scopes: ["email","openid","https://www.googleapis.com/auth/cloudplatformprojects.readonly","https://www.googleapis.com/auth/firebase","https://www.googleapis.com/auth/cloud-platform","https://www.googleapis.com/auth/userinfo.email"]
[error] Failed to fetch Firebase Project from Studio Workspace because WORKSPACE_SLUG environment variable is empty
[error] Failed to fetch Firebase Project from Studio Workspace because WORKSPACE_SLUG environment variable is empty
[error] Failed to fetch Firebase Project from Studio Workspace because WORKSPACE_SLUG environment variable is empty
[error] Failed to fetch Firebase Project from Studio Workspace because WORKSPACE_SLUG environment variable is empty
[debug] [2025-11-14T08:30:31.079Z] > command requires scopes: ["email","openid","https://www.googleapis.com/auth/cloudplatformprojects.readonly","https://www.googleapis.com/auth/firebase","https://www.googleapis.com/auth/cloud-platform","https://www.googleapis.com/auth/userinfo.email"]
[debug] [2025-11-14T08:30:31.080Z] > command requires scopes: ["email","openid","https://www.googleapis.com/auth/cloudplatformprojects.readonly","https://www.googleapis.com/auth/firebase","https://www.googleapis.com/auth/cloud-platform","https://www.googleapis.com/auth/userinfo.email"]
[debug] [2025-11-14T08:31:33.928Z] No OAuth tokens found
[debug] [2025-11-14T08:31:33.929Z] No OAuth tokens found
[debug] [2025-11-14T08:31:33.930Z] > command requires scopes: ["email","openid","https://www.googleapis.com/auth/cloudplatformprojects.readonly","https://www.googleapis.com/auth/firebase","https://www.googleapis.com/auth/cloud-platform","https://www.googleapis.com/auth/userinfo.email"]
[debug] [2025-11-14T08:31:33.931Z] No OAuth tokens found
[debug] [2025-11-14T08:31:33.934Z] No OAuth tokens found
[debug] [2025-11-14T08:31:33.935Z] > command requires scopes: ["email","openid","https://www.googleapis.com/auth/cloudplatformprojects.readonly","https://www.googleapis.com/auth/firebase","https://www.googleapis.com/auth/cloud-platform","https://www.googleapis.com/auth/userinfo.email"]
[debug] [2025-11-14T08:31:33.953Z] No OAuth tokens found
[debug] [2025-11-14T08:31:33.954Z] No OAuth tokens found
[debug] [2025-11-14T08:31:33.954Z] > command requires scopes: ["email","openid","https://www.googleapis.com/auth/cloudplatformprojects.readonly","https://www.googleapis.com/auth/firebase","https://www.googleapis.com/auth/cloud-platform","https://www.googleapis.com/auth/userinfo.email"]
[debug] [2025-11-14T08:31:33.954Z] No OAuth tokens found
[debug] [2025-11-14T08:31:33.955Z] No OAuth tokens found
[debug] [2025-11-14T08:31:33.955Z] > command requires scopes: ["email","openid","https://www.googleapis.com/auth/cloudplatformprojects.readonly","https://www.googleapis.com/auth/firebase","https://www.googleapis.com/auth/cloud-platform","https://www.googleapis.com/auth/userinfo.email"]
[debug] [2025-11-14T08:31:33.956Z] No OAuth tokens found
[debug] [2025-11-14T08:31:33.957Z] No OAuth tokens found
[debug] [2025-11-14T08:31:33.957Z] > command requires scopes: ["email","openid","https://www.googleapis.com/auth/cloudplatformprojects.readonly","https://www.googleapis.com/auth/firebase","https://www.googleapis.com/auth/cloud-platform","https://www.googleapis.com/auth/userinfo.email"]
[debug] [2025-11-14T08:31:33.958Z] No OAuth tokens found
[debug] [2025-11-14T08:31:33.958Z] No OAuth tokens found
[debug] [2025-11-14T08:31:33.958Z] > command requires scopes: ["email","openid","https://www.googleapis.com/auth/cloudplatformprojects.readonly","https://www.googleapis.com/auth/firebase","https://www.googleapis.com/auth/cloud-platform","https://www.googleapis.com/auth/userinfo.email"]
[debug] [2025-11-14T08:31:33.965Z] No OAuth tokens found
[debug] [2025-11-14T08:31:33.966Z] No OAuth tokens found
[debug] [2025-11-14T08:31:33.966Z] > command requires scopes: ["email","openid","https://www.googleapis.com/auth/cloudplatformprojects.readonly","https://www.googleapis.com/auth/firebase","https://www.googleapis.com/auth/cloud-platform","https://www.googleapis.com/auth/userinfo.email"]
[debug] [2025-11-14T08:31:33.966Z] No OAuth tokens found
[debug] [2025-11-14T08:31:33.967Z] No OAuth tokens found
[debug] [2025-11-14T08:31:33.967Z] > command requires scopes: ["email","openid","https://www.googleapis.com/auth/cloudplatformprojects.readonly","https://www.googleapis.com/auth/firebase","https://www.googleapis.com/auth/cloud-platform","https://www.googleapis.com/auth/userinfo.email"]
[debug] [2025-11-14T08:31:33.968Z] No OAuth tokens found
[debug] [2025-11-14T08:31:33.968Z] No OAuth tokens found
[debug] [2025-11-14T08:31:33.968Z] > command requires scopes: ["email","openid","https://www.googleapis.com/auth/cloudplatformprojects.readonly","https://www.googleapis.com/auth/firebase","https://www.googleapis.com/auth/cloud-platform","https://www.googleapis.com/auth/userinfo.email"]
[debug] [2025-11-14T08:31:33.969Z] No OAuth tokens found
[debug] [2025-11-14T08:31:33.969Z] No OAuth tokens found
[debug] [2025-11-14T08:31:33.970Z] > command requires scopes: ["email","openid","https://www.googleapis.com/auth/cloudplatformprojects.readonly","https://www.googleapis.com/auth/firebase","https://www.googleapis.com/auth/cloud-platform","https://www.googleapis.com/auth/userinfo.email"]
[debug] [2025-11-14T08:31:33.973Z] No OAuth tokens found
[debug] [2025-11-14T08:31:33.974Z] No OAuth tokens found
[debug] [2025-11-14T08:31:33.974Z] > command requires scopes: ["email","openid","https://www.googleapis.com/auth/cloudplatformprojects.readonly","https://www.googleapis.com/auth/firebase","https://www.googleapis.com/auth/cloud-platform","https://www.googleapis.com/auth/userinfo.email"]
[debug] [2025-11-14T08:31:33.974Z] No OAuth tokens found
[debug] [2025-11-14T08:31:33.974Z] No OAuth tokens found
[debug] [2025-11-14T08:31:33.975Z] > command requires scopes: ["email","openid","https://www.googleapis.com/auth/cloudplatformprojects.readonly","https://www.googleapis.com/auth/firebase","https://www.googleapis.com/auth/cloud-platform","https://www.googleapis.com/auth/userinfo.email"]
[debug] [2025-11-14T08:31:33.976Z] No OAuth tokens found
[debug] [2025-11-14T08:31:33.976Z] No OAuth tokens found
[debug] [2025-11-14T08:31:33.976Z] > command requires scopes: ["email","openid","https://www.googleapis.com/auth/cloudplatformprojects.readonly","https://www.googleapis.com/auth/firebase","https://www.googleapis.com/auth/cloud-platform","https://www.googleapis.com/auth/userinfo.email"]
[debug] [2025-11-14T08:31:33.976Z] No OAuth tokens found
[debug] [2025-11-14T08:31:33.977Z] No OAuth tokens found
[debug] [2025-11-14T08:31:33.977Z] > command requires scopes: ["email","openid","https://www.googleapis.com/auth/cloudplatformprojects.readonly","https://www.googleapis.com/auth/firebase","https://www.googleapis.com/auth/cloud-platform","https://www.googleapis.com/auth/userinfo.email"]
[debug] [2025-11-14T08:31:33.983Z] No OAuth tokens found
[debug] [2025-11-14T08:31:33.984Z] No OAuth tokens found
[debug] [2025-11-14T08:31:33.984Z] > command requires scopes: ["email","openid","https://www.googleapis.com/auth/cloudplatformprojects.readonly","https://www.googleapis.com/auth/firebase","https://www.googleapis.com/auth/cloud-platform","https://www.googleapis.com/auth/userinfo.email"]
[debug] [2025-11-14T08:31:33.984Z] No OAuth tokens found
[debug] [2025-11-14T08:31:33.984Z] No OAuth tokens found
[debug] [2025-11-14T08:31:33.985Z] > command requires scopes: ["email","openid","https://www.googleapis.com/auth/cloudplatformprojects.readonly","https://www.googleapis.com/auth/firebase","https://www.googleapis.com/auth/cloud-platform","https://www.googleapis.com/auth/userinfo.email"]
[error] Failed to fetch Firebase Project from Studio Workspace because WORKSPACE_SLUG environment variable is empty
[error] Failed to fetch Firebase Project from Studio Workspace because WORKSPACE_SLUG environment variable is empty
[error] Failed to fetch Firebase Project from Studio Workspace because WORKSPACE_SLUG environment variable is empty
[debug] [2025-11-14T08:31:36.970Z] > command requires scopes: ["email","openid","https://www.googleapis.com/auth/cloudplatformprojects.readonly","https://www.googleapis.com/auth/firebase","https://www.googleapis.com/auth/cloud-platform","https://www.googleapis.com/auth/userinfo.email"]
[error] Failed to fetch Firebase Project from Studio Workspace because WORKSPACE_SLUG environment variable is empty
[error] Failed to fetch Firebase Project from Studio Workspace because WORKSPACE_SLUG environment variable is empty
[error] Failed to fetch Firebase Project from Studio Workspace because WORKSPACE_SLUG environment variable is empty
[debug] [2025-11-14T08:31:36.991Z] > command requires scopes: ["email","openid","https://www.googleapis.com/auth/cloudplatformprojects.readonly","https://www.googleapis.com/auth/firebase","https://www.googleapis.com/auth/cloud-platform","https://www.googleapis.com/auth/userinfo.email"]
[error] Failed to fetch Firebase Project from Studio Workspace because WORKSPACE_SLUG environment variable is empty
[error] Failed to fetch Firebase Project from Studio Workspace because WORKSPACE_SLUG environment variable is empty
[error] Failed to fetch Firebase Project from Studio Workspace because WORKSPACE_SLUG environment variable is empty
[debug] [2025-11-14T08:31:37.011Z] > command requires scopes: ["email","openid","https://www.googleapis.com/auth/cloudplatformprojects.readonly","https://www.googleapis.com/auth/firebase","https://www.googleapis.com/auth/cloud-platform","https://www.googleapis.com/auth/userinfo.email"]
[debug] [2025-11-14T08:32:41.945Z] Running auto auth
[debug] [2025-11-14T08:32:41.946Z] Running auto auth
[debug] [2025-11-14T08:32:41.947Z] Running auto auth
[debug] [2025-11-14T08:32:41.947Z] Running auto auth
[debug] [2025-11-14T08:32:41.947Z] Running auto auth
[debug] [2025-11-14T08:32:41.947Z] Running auto auth
[debug] [2025-11-14T08:32:41.947Z] Running auto auth
[debug] [2025-11-14T08:32:41.948Z] Running auto auth
[debug] [2025-11-14T08:32:41.948Z] Running auto auth
[debug] [2025-11-14T08:32:41.948Z] Running auto auth
[debug] [2025-11-14T08:32:41.948Z] Running auto auth
[debug] [2025-11-14T08:32:41.948Z] Running auto auth
[debug] [2025-11-14T08:32:41.948Z] Running auto auth
[debug] [2025-11-14T08:32:41.949Z] Running auto auth
[debug] [2025-11-14T08:32:41.949Z] Running auto auth
[debug] [2025-11-14T08:32:41.949Z] Running auto auth
[debug] [2025-11-14T08:32:41.949Z] Running auto auth
[debug] [2025-11-14T08:32:41.949Z] Running auto auth
[debug] [2025-11-14T08:32:41.950Z] Running auto auth
[debug] [2025-11-14T08:32:42.009Z] >>> [apiv2][query] GET https://serviceusage.googleapis.com/v1/projects/myconnect-fe85c/services/firebasedataconnect.googleapis.com [none]
[debug] [2025-11-14T08:32:42.012Z] >>> [apiv2][(partial)header] GET https://serviceusage.googleapis.com/v1/projects/myconnect-fe85c/services/firebasedataconnect.googleapis.com x-goog-quota-user=projects/myconnect-fe85c
[debug] [2025-11-14T08:32:42.091Z] >>> [apiv2][query] GET https://serviceusage.googleapis.com/v1/projects/myconnect-fe85c/services/cloudfunctions.googleapis.com [none]
[debug] [2025-11-14T08:32:42.091Z] >>> [apiv2][(partial)header] GET https://serviceusage.googleapis.com/v1/projects/myconnect-fe85c/services/cloudfunctions.googleapis.com x-goog-quota-user=projects/myconnect-fe85c
[debug] [2025-11-14T08:32:42.108Z] >>> [apiv2][query] GET https://serviceusage.googleapis.com/v1/projects/myconnect-fe85c/services/firebaseapphosting.googleapis.com [none]
[debug] [2025-11-14T08:32:42.108Z] >>> [apiv2][(partial)header] GET https://serviceusage.googleapis.com/v1/projects/myconnect-fe85c/services/firebaseapphosting.googleapis.com x-goog-quota-user=projects/myconnect-fe85c
[debug] [2025-11-14T08:32:42.119Z] >>> [apiv2][query] GET https://serviceusage.googleapis.com/v1/projects/myconnect-fe85c/services/firebaseio.com [none]
[debug] [2025-11-14T08:32:42.119Z] >>> [apiv2][(partial)header] GET https://serviceusage.googleapis.com/v1/projects/myconnect-fe85c/services/firebaseio.com x-goog-quota-user=projects/myconnect-fe85c
[debug] [2025-11-14T08:32:42.131Z] >>> [apiv2][query] GET https://serviceusage.googleapis.com/v1/projects/myconnect-fe85c/services/firebasedataconnect.googleapis.com [none]
[debug] [2025-11-14T08:32:42.132Z] >>> [apiv2][(partial)header] GET https://serviceusage.googleapis.com/v1/projects/myconnect-fe85c/services/firebasedataconnect.googleapis.com x-goog-quota-user=projects/myconnect-fe85c
[debug] [2025-11-14T08:32:42.142Z] >>> [apiv2][query] GET https://serviceusage.googleapis.com/v1/projects/myconnect-fe85c/services/cloudfunctions.googleapis.com [none]
[debug] [2025-11-14T08:32:42.142Z] >>> [apiv2][(partial)header] GET https://serviceusage.googleapis.com/v1/projects/myconnect-fe85c/services/cloudfunctions.googleapis.com x-goog-quota-user=projects/myconnect-fe85c
[debug] [2025-11-14T08:32:42.153Z] >>> [apiv2][query] GET https://serviceusage.googleapis.com/v1/projects/myconnect-fe85c/services/firebaseapphosting.googleapis.com [none]
[debug] [2025-11-14T08:32:42.153Z] >>> [apiv2][(partial)header] GET https://serviceusage.googleapis.com/v1/projects/myconnect-fe85c/services/firebaseapphosting.googleapis.com x-goog-quota-user=projects/myconnect-fe85c
[debug] [2025-11-14T08:32:42.165Z] >>> [apiv2][query] GET https://serviceusage.googleapis.com/v1/projects/myconnect-fe85c/services/firebaseio.com [none]
[debug] [2025-11-14T08:32:42.165Z] >>> [apiv2][(partial)header] GET https://serviceusage.googleapis.com/v1/projects/myconnect-fe85c/services/firebaseio.com x-goog-quota-user=projects/myconnect-fe85c
[debug] [2025-11-14T08:32:42.175Z] >>> [apiv2][query] GET https://serviceusage.googleapis.com/v1/projects/myconnect-fe85c/services/firebasedataconnect.googleapis.com [none]
[debug] [2025-11-14T08:32:42.176Z] >>> [apiv2][(partial)header] GET https://serviceusage.googleapis.com/v1/projects/myconnect-fe85c/services/firebasedataconnect.googleapis.com x-goog-quota-user=projects/myconnect-fe85c
[debug] [2025-11-14T08:32:42.187Z] >>> [apiv2][query] GET https://serviceusage.googleapis.com/v1/projects/myconnect-fe85c/services/cloudfunctions.googleapis.com [none]
[debug] [2025-11-14T08:32:42.187Z] >>> [apiv2][(partial)header] GET https://serviceusage.googleapis.com/v1/projects/myconnect-fe85c/services/cloudfunctions.googleapis.com x-goog-quota-user=projects/myconnect-fe85c
[debug] [2025-11-14T08:32:42.197Z] >>> [apiv2][query] GET https://serviceusage.googleapis.com/v1/projects/myconnect-fe85c/services/firebaseapphosting.googleapis.com [none]
[debug] [2025-11-14T08:32:42.197Z] >>> [apiv2][(partial)header] GET https://serviceusage.googleapis.com/v1/projects/myconnect-fe85c/services/firebaseapphosting.googleapis.com x-goog-quota-user=projects/myconnect-fe85c
[debug] [2025-11-14T08:32:42.208Z] >>> [apiv2][query] GET https://serviceusage.googleapis.com/v1/projects/myconnect-fe85c/services/firebaseio.com [none]
[debug] [2025-11-14T08:32:42.208Z] >>> [apiv2][(partial)header] GET https://serviceusage.googleapis.com/v1/projects/myconnect-fe85c/services/firebaseio.com x-goog-quota-user=projects/myconnect-fe85c
[debug] [2025-11-14T08:32:42.221Z] >>> [apiv2][query] GET https://serviceusage.googleapis.com/v1/projects/myconnect-fe85c/services/firebasedataconnect.googleapis.com [none]
[debug] [2025-11-14T08:32:42.221Z] >>> [apiv2][(partial)header] GET https://serviceusage.googleapis.com/v1/projects/myconnect-fe85c/services/firebasedataconnect.googleapis.com x-goog-quota-user=projects/myconnect-fe85c
[debug] [2025-11-14T08:32:42.232Z] >>> [apiv2][query] GET https://serviceusage.googleapis.com/v1/projects/myconnect-fe85c/services/cloudfunctions.googleapis.com [none]
[debug] [2025-11-14T08:32:42.232Z] >>> [apiv2][(partial)header] GET https://serviceusage.googleapis.com/v1/projects/myconnect-fe85c/services/cloudfunctions.googleapis.com x-goog-quota-user=projects/myconnect-fe85c
[debug] [2025-11-14T08:32:42.243Z] >>> [apiv2][query] GET https://serviceusage.googleapis.com/v1/projects/myconnect-fe85c/services/firebaseapphosting.googleapis.com [none]
[debug] [2025-11-14T08:32:42.243Z] >>> [apiv2][(partial)header] GET https://serviceusage.googleapis.com/v1/projects/myconnect-fe85c/services/firebaseapphosting.googleapis.com x-goog-quota-user=projects/myconnect-fe85c
[debug] [2025-11-14T08:32:42.259Z] >>> [apiv2][query] GET https://serviceusage.googleapis.com/v1/projects/myconnect-fe85c/services/firebaseio.com [none]
[debug] [2025-11-14T08:32:42.259Z] >>> [apiv2][(partial)header] GET https://serviceusage.googleapis.com/v1/projects/myconnect-fe85c/services/firebaseio.com x-goog-quota-user=projects/myconnect-fe85c
[error] Failed to fetch Firebase Project from Studio Workspace because WORKSPACE_SLUG environment variable is empty
[debug] [2025-11-14T08:32:42.274Z] > command requires scopes: ["email","openid","https://www.googleapis.com/auth/cloudplatformprojects.readonly","https://www.googleapis.com/auth/firebase","https://www.googleapis.com/auth/cloud-platform","https://www.googleapis.com/auth/userinfo.email"]
[debug] [2025-11-14T08:32:42.274Z] > authorizing via signed-in user (karlitoyegbe@gmail.com)
[error] Failed to fetch Firebase Project from Studio Workspace because WORKSPACE_SLUG environment variable is empty
[debug] [2025-11-14T08:32:42.288Z] > command requires scopes: ["email","openid","https://www.googleapis.com/auth/cloudplatformprojects.readonly","https://www.googleapis.com/auth/firebase","https://www.googleapis.com/auth/cloud-platform","https://www.googleapis.com/auth/userinfo.email"]
[debug] [2025-11-14T08:32:42.288Z] > authorizing via signed-in user (karlitoyegbe@gmail.com)
[error] Failed to fetch Firebase Project from Studio Workspace because WORKSPACE_SLUG environment variable is empty
[debug] [2025-11-14T08:32:42.299Z] > command requires scopes: ["email","openid","https://www.googleapis.com/auth/cloudplatformprojects.readonly","https://www.googleapis.com/auth/firebase","https://www.googleapis.com/auth/cloud-platform","https://www.googleapis.com/auth/userinfo.email"]
[debug] [2025-11-14T08:32:42.299Z] > authorizing via signed-in user (karlitoyegbe@gmail.com)
[debug] [2025-11-14T08:32:42.862Z] <<< [apiv2][status] GET https://serviceusage.googleapis.com/v1/projects/myconnect-fe85c/services/firebasedataconnect.googleapis.com 401
[debug] [2025-11-14T08:32:42.862Z] <<< [apiv2][body] GET https://serviceusage.googleapis.com/v1/projects/myconnect-fe85c/services/firebasedataconnect.googleapis.com [omitted]
[debug] [2025-11-14T08:32:42.862Z] Got a 401 Unauthenticated error for a call that required authentication. Refreshing tokens.
[debug] [2025-11-14T08:32:42.862Z] No OAuth tokens found
[debug] [2025-11-14T08:32:42.863Z] No OAuth tokens found
[debug] [2025-11-14T08:32:42.863Z] > command requires scopes: ["email","openid","https://www.googleapis.com/auth/cloudplatformprojects.readonly","https://www.googleapis.com/auth/firebase","https://www.googleapis.com/auth/cloud-platform","https://www.googleapis.com/auth/userinfo.email"]
[debug] [2025-11-14T08:32:42.863Z] > authorizing via signed-in user (karlitoyegbe@gmail.com)
[debug] [2025-11-14T08:32:42.886Z] <<< [apiv2][status] GET https://serviceusage.googleapis.com/v1/projects/myconnect-fe85c/services/cloudfunctions.googleapis.com 401
[debug] [2025-11-14T08:32:42.886Z] <<< [apiv2][body] GET https://serviceusage.googleapis.com/v1/projects/myconnect-fe85c/services/cloudfunctions.googleapis.com [omitted]
[debug] [2025-11-14T08:32:42.887Z] Got a 401 Unauthenticated error for a call that required authentication. Refreshing tokens.
[debug] [2025-11-14T08:32:42.887Z] No OAuth tokens found
[debug] [2025-11-14T08:32:42.889Z] No OAuth tokens found
[debug] [2025-11-14T08:32:42.889Z] > command requires scopes: ["email","openid","https://www.googleapis.com/auth/cloudplatformprojects.readonly","https://www.googleapis.com/auth/firebase","https://www.googleapis.com/auth/cloud-platform","https://www.googleapis.com/auth/userinfo.email"]
[debug] [2025-11-14T08:32:42.889Z] > authorizing via signed-in user (karlitoyegbe@gmail.com)
[debug] [2025-11-14T08:32:42.922Z] <<< [apiv2][status] GET https://serviceusage.googleapis.com/v1/projects/myconnect-fe85c/services/cloudfunctions.googleapis.com 401
[debug] [2025-11-14T08:32:42.922Z] <<< [apiv2][body] GET https://serviceusage.googleapis.com/v1/projects/myconnect-fe85c/services/cloudfunctions.googleapis.com [omitted]
[debug] [2025-11-14T08:32:42.923Z] Got a 401 Unauthenticated error for a call that required authentication. Refreshing tokens.
[debug] [2025-11-14T08:32:42.923Z] No OAuth tokens found
[debug] [2025-11-14T08:32:42.923Z] No OAuth tokens found
[debug] [2025-11-14T08:32:42.923Z] > command requires scopes: ["email","openid","https://www.googleapis.com/auth/cloudplatformprojects.readonly","https://www.googleapis.com/auth/firebase","https://www.googleapis.com/auth/cloud-platform","https://www.googleapis.com/auth/userinfo.email"]
[debug] [2025-11-14T08:32:42.924Z] > authorizing via signed-in user (karlitoyegbe@gmail.com)
[debug] [2025-11-14T08:32:42.929Z] <<< [apiv2][status] GET https://serviceusage.googleapis.com/v1/projects/myconnect-fe85c/services/cloudfunctions.googleapis.com 401
[debug] [2025-11-14T08:32:42.929Z] <<< [apiv2][body] GET https://serviceusage.googleapis.com/v1/projects/myconnect-fe85c/services/cloudfunctions.googleapis.com [omitted]
[debug] [2025-11-14T08:32:42.929Z] Got a 401 Unauthenticated error for a call that required authentication. Refreshing tokens.
[debug] [2025-11-14T08:32:42.929Z] No OAuth tokens found
[debug] [2025-11-14T08:32:42.929Z] No OAuth tokens found
[debug] [2025-11-14T08:32:42.930Z] > command requires scopes: ["email","openid","https://www.googleapis.com/auth/cloudplatformprojects.readonly","https://www.googleapis.com/auth/firebase","https://www.googleapis.com/auth/cloud-platform","https://www.googleapis.com/auth/userinfo.email"]
[debug] [2025-11-14T08:32:42.930Z] > authorizing via signed-in user (karlitoyegbe@gmail.com)
[debug] [2025-11-14T08:32:42.933Z] <<< [apiv2][status] GET https://serviceusage.googleapis.com/v1/projects/myconnect-fe85c/services/firebaseapphosting.googleapis.com 401
[debug] [2025-11-14T08:32:42.933Z] <<< [apiv2][body] GET https://serviceusage.googleapis.com/v1/projects/myconnect-fe85c/services/firebaseapphosting.googleapis.com [omitted]
[debug] [2025-11-14T08:32:42.933Z] Got a 401 Unauthenticated error for a call that required authentication. Refreshing tokens.
[debug] [2025-11-14T08:32:42.933Z] No OAuth tokens found
[debug] [2025-11-14T08:32:42.933Z] No OAuth tokens found
[debug] [2025-11-14T08:32:42.933Z] > command requires scopes: ["email","openid","https://www.googleapis.com/auth/cloudplatformprojects.readonly","https://www.googleapis.com/auth/firebase","https://www.googleapis.com/auth/cloud-platform","https://www.googleapis.com/auth/userinfo.email"]
[debug] [2025-11-14T08:32:42.934Z] > authorizing via signed-in user (karlitoyegbe@gmail.com)
[debug] [2025-11-14T08:32:42.944Z] <<< [apiv2][status] GET https://serviceusage.googleapis.com/v1/projects/myconnect-fe85c/services/firebaseio.com 401
[debug] [2025-11-14T08:32:42.944Z] <<< [apiv2][body] GET https://serviceusage.googleapis.com/v1/projects/myconnect-fe85c/services/firebaseio.com [omitted]
[debug] [2025-11-14T08:32:42.944Z] Got a 401 Unauthenticated error for a call that required authentication. Refreshing tokens.
[debug] [2025-11-14T08:32:42.944Z] No OAuth tokens found
[debug] [2025-11-14T08:32:42.944Z] No OAuth tokens found
[debug] [2025-11-14T08:32:42.945Z] > command requires scopes: ["email","openid","https://www.googleapis.com/auth/cloudplatformprojects.readonly","https://www.googleapis.com/auth/firebase","https://www.googleapis.com/auth/cloud-platform","https://www.googleapis.com/auth/userinfo.email"]
[debug] [2025-11-14T08:32:42.945Z] > authorizing via signed-in user (karlitoyegbe@gmail.com)
[debug] [2025-11-14T08:32:42.973Z] <<< [apiv2][status] GET https://serviceusage.googleapis.com/v1/projects/myconnect-fe85c/services/firebaseio.com 401
[debug] [2025-11-14T08:32:42.973Z] <<< [apiv2][body] GET https://serviceusage.googleapis.com/v1/projects/myconnect-fe85c/services/firebaseio.com [omitted]
[debug] [2025-11-14T08:32:42.973Z] Got a 401 Unauthenticated error for a call that required authentication. Refreshing tokens.
[debug] [2025-11-14T08:32:42.973Z] No OAuth tokens found
[debug] [2025-11-14T08:32:42.974Z] No OAuth tokens found
[debug] [2025-11-14T08:32:42.974Z] > command requires scopes: ["email","openid","https://www.googleapis.com/auth/cloudplatformprojects.readonly","https://www.googleapis.com/auth/firebase","https://www.googleapis.com/auth/cloud-platform","https://www.googleapis.com/auth/userinfo.email"]
[debug] [2025-11-14T08:32:42.984Z] > authorizing via signed-in user (karlitoyegbe@gmail.com)
[debug] [2025-11-14T08:32:42.992Z] <<< [apiv2][status] GET https://serviceusage.googleapis.com/v1/projects/myconnect-fe85c/services/firebasedataconnect.googleapis.com 401
[debug] [2025-11-14T08:32:42.992Z] <<< [apiv2][body] GET https://serviceusage.googleapis.com/v1/projects/myconnect-fe85c/services/firebasedataconnect.googleapis.com [omitted]
[debug] [2025-11-14T08:32:42.992Z] Got a 401 Unauthenticated error for a call that required authentication. Refreshing tokens.
[debug] [2025-11-14T08:32:42.992Z] No OAuth tokens found
[debug] [2025-11-14T08:32:42.993Z] No OAuth tokens found
[debug] [2025-11-14T08:32:42.993Z] > command requires scopes: ["email","openid","https://www.googleapis.com/auth/cloudplatformprojects.readonly","https://www.googleapis.com/auth/firebase","https://www.googleapis.com/auth/cloud-platform","https://www.googleapis.com/auth/userinfo.email"]
[debug] [2025-11-14T08:32:43.000Z] > authorizing via signed-in user (karlitoyegbe@gmail.com)
[debug] [2025-11-14T08:32:43.001Z] <<< [apiv2][status] GET https://serviceusage.googleapis.com/v1/projects/myconnect-fe85c/services/firebaseio.com 401
[debug] [2025-11-14T08:32:43.002Z] <<< [apiv2][body] GET https://serviceusage.googleapis.com/v1/projects/myconnect-fe85c/services/firebaseio.com [omitted]
[debug] [2025-11-14T08:32:43.002Z] Got a 401 Unauthenticated error for a call that required authentication. Refreshing tokens.
[debug] [2025-11-14T08:32:43.008Z] No OAuth tokens found
[debug] [2025-11-14T08:32:43.008Z] No OAuth tokens found
[debug] [2025-11-14T08:32:43.008Z] > command requires scopes: ["email","openid","https://www.googleapis.com/auth/cloudplatformprojects.readonly","https://www.googleapis.com/auth/firebase","https://www.googleapis.com/auth/cloud-platform","https://www.googleapis.com/auth/userinfo.email"]
[debug] [2025-11-14T08:32:43.008Z] > authorizing via signed-in user (karlitoyegbe@gmail.com)
[debug] [2025-11-14T08:32:43.022Z] <<< [apiv2][status] GET https://serviceusage.googleapis.com/v1/projects/myconnect-fe85c/services/firebaseapphosting.googleapis.com 401
[debug] [2025-11-14T08:32:43.023Z] <<< [apiv2][body] GET https://serviceusage.googleapis.com/v1/projects/myconnect-fe85c/services/firebaseapphosting.googleapis.com [omitted]
[debug] [2025-11-14T08:32:43.023Z] Got a 401 Unauthenticated error for a call that required authentication. Refreshing tokens.
[debug] [2025-11-14T08:32:43.023Z] No OAuth tokens found
[debug] [2025-11-14T08:32:43.023Z] No OAuth tokens found
[debug] [2025-11-14T08:32:43.023Z] > command requires scopes: ["email","openid","https://www.googleapis.com/auth/cloudplatformprojects.readonly","https://www.googleapis.com/auth/firebase","https://www.googleapis.com/auth/cloud-platform","https://www.googleapis.com/auth/userinfo.email"]
[debug] [2025-11-14T08:32:43.023Z] > authorizing via signed-in user (karlitoyegbe@gmail.com)
[debug] [2025-11-14T08:32:43.029Z] <<< [apiv2][status] GET https://serviceusage.googleapis.com/v1/projects/myconnect-fe85c/services/firebaseapphosting.googleapis.com 401
[debug] [2025-11-14T08:32:43.029Z] <<< [apiv2][body] GET https://serviceusage.googleapis.com/v1/projects/myconnect-fe85c/services/firebaseapphosting.googleapis.com [omitted]
[debug] [2025-11-14T08:32:43.030Z] Got a 401 Unauthenticated error for a call that required authentication. Refreshing tokens.
[debug] [2025-11-14T08:32:43.030Z] No OAuth tokens found
[debug] [2025-11-14T08:32:43.030Z] No OAuth tokens found
[debug] [2025-11-14T08:32:43.031Z] > command requires scopes: ["email","openid","https://www.googleapis.com/auth/cloudplatformprojects.readonly","https://www.googleapis.com/auth/firebase","https://www.googleapis.com/auth/cloud-platform","https://www.googleapis.com/auth/userinfo.email"]
[debug] [2025-11-14T08:32:43.031Z] > authorizing via signed-in user (karlitoyegbe@gmail.com)
[debug] [2025-11-14T08:32:43.040Z] <<< [apiv2][status] GET https://serviceusage.googleapis.com/v1/projects/myconnect-fe85c/services/firebaseio.com 401
[debug] [2025-11-14T08:32:43.040Z] <<< [apiv2][body] GET https://serviceusage.googleapis.com/v1/projects/myconnect-fe85c/services/firebaseio.com [omitted]
[debug] [2025-11-14T08:32:43.040Z] Got a 401 Unauthenticated error for a call that required authentication. Refreshing tokens.
[debug] [2025-11-14T08:32:43.040Z] No OAuth tokens found
[debug] [2025-11-14T08:32:43.041Z] No OAuth tokens found
[debug] [2025-11-14T08:32:43.041Z] > command requires scopes: ["email","openid","https://www.googleapis.com/auth/cloudplatformprojects.readonly","https://www.googleapis.com/auth/firebase","https://www.googleapis.com/auth/cloud-platform","https://www.googleapis.com/auth/userinfo.email"]
[debug] [2025-11-14T08:32:43.041Z] > authorizing via signed-in user (karlitoyegbe@gmail.com)
[debug] [2025-11-14T08:32:43.046Z] <<< [apiv2][status] GET https://serviceusage.googleapis.com/v1/projects/myconnect-fe85c/services/firebasedataconnect.googleapis.com 401
[debug] [2025-11-14T08:32:43.046Z] <<< [apiv2][body] GET https://serviceusage.googleapis.com/v1/projects/myconnect-fe85c/services/firebasedataconnect.googleapis.com [omitted]
[debug] [2025-11-14T08:32:43.046Z] Got a 401 Unauthenticated error for a call that required authentication. Refreshing tokens.
[debug] [2025-11-14T08:32:43.047Z] No OAuth tokens found
[debug] [2025-11-14T08:32:43.047Z] No OAuth tokens found
[debug] [2025-11-14T08:32:43.050Z] > command requires scopes: ["email","openid","https://www.googleapis.com/auth/cloudplatformprojects.readonly","https://www.googleapis.com/auth/firebase","https://www.googleapis.com/auth/cloud-platform","https://www.googleapis.com/auth/userinfo.email"]
[debug] [2025-11-14T08:32:43.050Z] > authorizing via signed-in user (karlitoyegbe@gmail.com)
[debug] [2025-11-14T08:32:43.059Z] <<< [apiv2][status] GET https://serviceusage.googleapis.com/v1/projects/myconnect-fe85c/services/firebaseapphosting.googleapis.com 401
[debug] [2025-11-14T08:32:43.059Z] <<< [apiv2][body] GET https://serviceusage.googleapis.com/v1/projects/myconnect-fe85c/services/firebaseapphosting.googleapis.com [omitted]
[debug] [2025-11-14T08:32:43.059Z] Got a 401 Unauthenticated error for a call that required authentication. Refreshing tokens.
[debug] [2025-11-14T08:32:43.059Z] No OAuth tokens found
[debug] [2025-11-14T08:32:43.059Z] No OAuth tokens found
[debug] [2025-11-14T08:32:43.060Z] > command requires scopes: ["email","openid","https://www.googleapis.com/auth/cloudplatformprojects.readonly","https://www.googleapis.com/auth/firebase","https://www.googleapis.com/auth/cloud-platform","https://www.googleapis.com/auth/userinfo.email"]
[debug] [2025-11-14T08:32:43.060Z] > authorizing via signed-in user (karlitoyegbe@gmail.com)
[debug] [2025-11-14T08:32:43.067Z] <<< [apiv2][status] GET https://serviceusage.googleapis.com/v1/projects/myconnect-fe85c/services/cloudfunctions.googleapis.com 401
[debug] [2025-11-14T08:32:43.068Z] <<< [apiv2][body] GET https://serviceusage.googleapis.com/v1/projects/myconnect-fe85c/services/cloudfunctions.googleapis.com [omitted]
[debug] [2025-11-14T08:32:43.068Z] Got a 401 Unauthenticated error for a call that required authentication. Refreshing tokens.
[debug] [2025-11-14T08:32:43.068Z] No OAuth tokens found
[debug] [2025-11-14T08:32:43.077Z] No OAuth tokens found
[debug] [2025-11-14T08:32:43.078Z] > command requires scopes: ["email","openid","https://www.googleapis.com/auth/cloudplatformprojects.readonly","https://www.googleapis.com/auth/firebase","https://www.googleapis.com/auth/cloud-platform","https://www.googleapis.com/auth/userinfo.email"]
[debug] [2025-11-14T08:32:43.078Z] > authorizing via signed-in user (karlitoyegbe@gmail.com)
[debug] [2025-11-14T08:32:43.086Z] <<< [apiv2][status] GET https://serviceusage.googleapis.com/v1/projects/myconnect-fe85c/services/firebasedataconnect.googleapis.com 401
[debug] [2025-11-14T08:32:43.086Z] <<< [apiv2][body] GET https://serviceusage.googleapis.com/v1/projects/myconnect-fe85c/services/firebasedataconnect.googleapis.com [omitted]
[debug] [2025-11-14T08:32:43.087Z] Got a 401 Unauthenticated error for a call that required authentication. Refreshing tokens.
[debug] [2025-11-14T08:32:43.087Z] No OAuth tokens found
[debug] [2025-11-14T08:32:43.093Z] No OAuth tokens found
[debug] [2025-11-14T08:32:43.094Z] > command requires scopes: ["email","openid","https://www.googleapis.com/auth/cloudplatformprojects.readonly","https://www.googleapis.com/auth/firebase","https://www.googleapis.com/auth/cloud-platform","https://www.googleapis.com/auth/userinfo.email"]
[debug] [2025-11-14T08:32:43.094Z] > authorizing via signed-in user (karlitoyegbe@gmail.com)
